Der Buildvorgang wurde am 11.02.2013 10:15:30 gestartet.
     1>Projekt "C:\Users\daniel.hauser\Documents\GitHub\OpenCraft\OpenCraft\OpenCraft.vcxproj" auf Knoten "2", build Ziel(e).
     1>InitializeBuildStatus:
         Aktualisieren des Timestamps von "Release\OpenCraft.unsuccessfulbuild".
       ClCompile:
         Alle Ausgaben sind aktuell.
         c:\Program Files (x86)\Microsoft Visual Studio 10.0\VC\bin\CL.exe /c /Zi /nologo /W3 /WX- /O2 /Oi /Ot /Oy /GL /D _MBCS /Gm- /EHsc /MD /GS /Gy /fp:precise /Zc:wchar_t /Zc:forScope /Fo"Release\\" /Fd"Release\vc100.pdb" /Gd /TC /analyze- /errorReport:prompt block.c camera.c fpscounter.c game.c haudio.c main.c player.c world.c
         block.c
         camera.c
     1>camera.c(60): warning C4244: '-=': Konvertierung von 'double' in 'float', möglicher Datenverlust
     1>camera.c(61): warning C4244: '-=': Konvertierung von 'double' in 'float', möglicher Datenverlust
         fpscounter.c
     1>fpscounter.c(22): warning C4996: 'sprintf': This function or variable may be unsafe. Consider using sprintf_s instead. To disable deprecation, use _CRT_SECURE_NO_WARNINGS. See online help for details.
                 c:\Program Files (x86)\Microsoft Visual Studio 10.0\VC\include\stdio.h(371): Siehe Deklaration von 'sprintf'
         game.c
     1>game.c(104): warning C4996: 'sprintf': This function or variable may be unsafe. Consider using sprintf_s instead. To disable deprecation, use _CRT_SECURE_NO_WARNINGS. See online help for details.
                 c:\Program Files (x86)\Microsoft Visual Studio 10.0\VC\include\stdio.h(371): Siehe Deklaration von 'sprintf'
         haudio.c
     1>haudio.c(53): warning C4996: 'fopen': This function or variable may be unsafe. Consider using fopen_s instead. To disable deprecation, use _CRT_SECURE_NO_WARNINGS. See online help for details.
                 c:\Program Files (x86)\Microsoft Visual Studio 10.0\VC\include\stdio.h(234): Siehe Deklaration von 'fopen'
         main.c
         player.c
         world.c
       Link:
         c:\Program Files (x86)\Microsoft Visual Studio 10.0\VC\bin\link.exe /ERRORREPORT:PROMPT /OUT:"C:\Users\daniel.hauser\Documents\GitHub\OpenCraft\Release\OpenCraft.exe" /NOLOGO SDLmain.lib SDL.lib opengl32.lib DevIL.lib OpenAL32.lib kernel32.lib user32.lib gdi32.lib winspool.lib comdlg32.lib advapi32.lib shell32.lib ole32.lib oleaut32.lib uuid.lib odbc32.lib odbccp32.lib /MANIFEST /ManifestFile:"Release\OpenCraft.exe.intermediate.manifest" /MANIFESTUAC:"level='asInvoker' uiAccess='false'" /DEBUG /PDB:"C:\Users\daniel.hauser\Documents\GitHub\OpenCraft\Release\OpenCraft.pdb" /SUBSYSTEM:WINDOWS /OPT:REF /OPT:ICF /LTCG /TLBID:1 /DYNAMICBASE /NXCOMPAT /IMPLIB:"C:\Users\daniel.hauser\Documents\GitHub\OpenCraft\Release\OpenCraft.lib" /MACHINE:X86 Release\block.obj
         Release\camera.obj
         Release\fpscounter.obj
         Release\game.obj
         Release\haudio.obj
         Release\main.obj
         Release\player.obj
         Release\world.obj
         Code wird generiert.
         Codegenerierung ist abgeschlossen.
         OpenCraft.vcxproj -> C:\Users\daniel.hauser\Documents\GitHub\OpenCraft\Release\OpenCraft.exe
       Manifest:
         C:\Program Files (x86)\Microsoft SDKs\Windows\v7.0A\bin\mt.exe /nologo /verbose /outputresource:"C:\Users\daniel.hauser\Documents\GitHub\OpenCraft\Release\OpenCraft.exe;#1" /manifest Release\OpenCraft.exe.intermediate.manifest
       FinalizeBuildStatus:
         Die Datei "Release\OpenCraft.unsuccessfulbuild" wird gelöscht.
         Aktualisieren des Timestamps von "Release\OpenCraft.lastbuildstate".
     1>Die Erstellung des Projekts "C:\Users\daniel.hauser\Documents\GitHub\OpenCraft\OpenCraft\OpenCraft.vcxproj" ist abgeschlossen, build Ziel(e).

Das Erstellen war erfolgreich.

Verstrichene Zeit 00:00:01.33
